0 info it worked if it ends with ok
1 verbose cli [ '/usr/local/bin/node',
1 verbose cli   '/usr/local/bin/npm',
1 verbose cli   'run',
1 verbose cli   'precommit' ]
2 info using npm@3.9.1
3 info using node@v6.0.0
4 verbose run-script [ 'precommit' ]
5 info lifecycle tresmo-dev@0.0.0~precommit: tresmo-dev@0.0.0
6 verbose lifecycle tresmo-dev@0.0.0~precommit: unsafe-perm in lifecycle true
7 verbose lifecycle tresmo-dev@0.0.0~precommit: PATH: /usr/local/lib/node_modules/npm/bin/node-gyp-bin:/home/emi/work/dev/tresmo-dev/node_modules/.bin:/usr/local/bin:/usr/lib/git-core:/home/emi/gopath:/home/emi/gopath/bin:/usr/local/heroku/bin:/usr/local/sbin:/usr/local/bin:/usr/sbin:/usr/bin:/sbin:/bin:/usr/games:/usr/local/games:/home/emi/java/jdk1.8.0_45/bin:/home/emi/ant/bin:/home/emi/android-sdk-linux/platform-tools:/home/emi/android-sdk-linux/tools
8 verbose lifecycle tresmo-dev@0.0.0~precommit: CWD: /home/emi/work/dev/tresmo-dev
9 silly lifecycle tresmo-dev@0.0.0~precommit: Args: [ '-c', 'npm run lint && npm run test' ]
10 silly lifecycle tresmo-dev@0.0.0~precommit: Returned: code: 1  signal: null
11 info lifecycle tresmo-dev@0.0.0~precommit: Failed to exec precommit script
12 verbose stack Error: tresmo-dev@0.0.0 precommit: `npm run lint && npm run test`
12 verbose stack Exit status 1
12 verbose stack     at EventEmitter.<anonymous> (/usr/local/lib/node_modules/npm/lib/utils/lifecycle.js:245:16)
12 verbose stack     at emitTwo (events.js:106:13)
12 verbose stack     at EventEmitter.emit (events.js:191:7)
12 verbose stack     at ChildProcess.<anonymous> (/usr/local/lib/node_modules/npm/lib/utils/spawn.js:24:14)
12 verbose stack     at emitTwo (events.js:106:13)
12 verbose stack     at ChildProcess.emit (events.js:191:7)
12 verbose stack     at maybeClose (internal/child_process.js:850:16)
12 verbose stack     at Process.ChildProcess._handle.onexit (internal/child_process.js:215:5)
13 verbose pkgid tresmo-dev@0.0.0
14 verbose cwd /home/emi/work/dev/tresmo-dev
15 error Linux 3.16.0-38-generic
16 error argv "/usr/local/bin/node" "/usr/local/bin/npm" "run" "precommit"
17 error node v6.0.0
18 error npm  v3.9.1
19 error code ELIFECYCLE
20 error tresmo-dev@0.0.0 precommit: `npm run lint && npm run test`
20 error Exit status 1
21 error Failed at the tresmo-dev@0.0.0 precommit script 'npm run lint && npm run test'.
21 error Make sure you have the latest version of node.js and npm installed.
21 error If you do, this is most likely a problem with the tresmo-dev package,
21 error not with npm itself.
21 error Tell the author that this fails on your system:
21 error     npm run lint && npm run test
21 error You can get information on how to open an issue for this project with:
21 error     npm bugs tresmo-dev
21 error Or if that isn't available, you can get their info via:
21 error     npm owner ls tresmo-dev
21 error There is likely additional logging output above.
22 verbose exit [ 1, true ]
